<?xml version="1.0" encoding="UTF-8"?>
<!-- Generated by org.testng.reporters.JUnitXMLReporter -->
<testsuite ignored="10" hostname="DESKTOP-U26RV2G" failures="2" tests="2" name="DataTest" time="0.45" errors="0" timestamp="2023-12-12T22:45:52 GMT">
  <testcase classname="com.tutorialsninja.demo.testsuite.TopMenuTest" name="verifyUserShouldNavigateToLaptopsAndNotebooksPageSuccessfully" time="0.012">
    <failure type="java.lang.IllegalArgumentException" message="Driver must be set">
      <![CDATA[java.lang.IllegalArgumentException: Driver must be set
at org.openqa.selenium.internal.Require.nonNull(Require.java:60)
at org.openqa.selenium.interactions.Actions.<init>(Actions.java:58)
at com.tutorialsninja.demo.utilities.Utility.mouseHoverToElementAndClick(Utility.java:235)
at com.tutorialsninja.demo.pages.TopMenuPage.mouseHoverOnLaptopNotebooks(TopMenuPage.java:44)
at com.tutorialsninja.demo.testsuite.TopMenuTest.verifyUserShouldNavigateToLaptopsAndNotebooksPageSuccessfully(TopMenuTest.java:49)
at java.base/java.util.ArrayList.forEach(ArrayList.java:1511)
at com.intellij.rt.testng.IDEARemoteTestNG.run(IDEARemoteTestNG.java:65)
at com.intellij.rt.testng.RemoteTestNGStarter.main(RemoteTestNGStarter.java:105)
... Removed 24 stack frames]]>
    </failure>
  </testcase> <!-- verifyUserShouldNavigateToLaptopsAndNotebooksPageSuccessfully -->
  <testcase classname="com.tutorialsninja.demo.testsuite.TopMenuTest" name="verifyUserShouldNavigateToLaptopsAndNotebooksPageSuccessfully" time="0.09">
    <failure type="java.lang.NullPointerException" message="Cannot invoke &amp;quot;org.openqa.selenium.TakesScreenshot.getScreenshotAs(org.openqa.selenium.OutputType)&amp;quot; because &amp;quot;screenshot&amp;quot; is null">
      <![CDATA[java.lang.NullPointerException: Cannot invoke "org.openqa.selenium.TakesScreenshot.getScreenshotAs(org.openqa.selenium.OutputType)" because "screenshot" is null
at com.tutorialsninja.demo.utilities.Utility.takeScreenShot(Utility.java:353)
at com.tutorialsninja.demo.customlisteners.CustomListeners.onTestFailure(CustomListeners.java:35)
at java.base/java.util.ArrayList.forEach(ArrayList.java:1511)
at com.intellij.rt.testng.IDEARemoteTestNG.run(IDEARemoteTestNG.java:65)
at com.intellij.rt.testng.RemoteTestNGStarter.main(RemoteTestNGStarter.java:105)
... Removed 21 stack frames]]>
    </failure>
  </testcase> <!-- verifyUserShouldNavigateToLaptopsAndNotebooksPageSuccessfully -->
  <testcase classname="com.tutorialsninja.demo.testsuite.MyAccountTest" name="verifyUserShouldNavigateToRegisterPageSuccessfully" time="0.0">
    <ignored/>
  </testcase> <!-- verifyUserShouldNavigateToRegisterPageSuccessfully -->
  <testcase classname="com.tutorialsninja.demo.testsuite.MyAccountTest" name="verifyUserShouldNavigateToLoginPageSuccessfully" time="0.0">
    <ignored/>
  </testcase> <!-- verifyUserShouldNavigateToLoginPageSuccessfully -->
  <testcase classname="com.tutorialsninja.demo.testsuite.DesktopsTest" name="verifyProductAddedToShoppingCartSuccessfully" time="0.0">
    <ignored/>
  </testcase> <!-- verifyProductAddedToShoppingCartSuccessfully -->
  <testcase classname="com.tutorialsninja.demo.testsuite.MyAccountTest" name="verifyThatUserRegisterAccountSuccessfully" time="0.0">
    <ignored/>
  </testcase> <!-- verifyThatUserRegisterAccountSuccessfully -->
  <testcase classname="com.tutorialsninja.demo.testsuite.LaptopsAndNotebooksTest" name="verifyProductsPriceDisplayHighToLowSuccessfully" time="0.0">
    <ignored/>
  </testcase> <!-- verifyProductsPriceDisplayHighToLowSuccessfully -->
  <testcase classname="com.tutorialsninja.demo.testsuite.TopMenuTest" name="verifyUserShouldNavigateToComponentsPageSuccessfully" time="0.0">
    <ignored/>
  </testcase> <!-- verifyUserShouldNavigateToComponentsPageSuccessfully -->
  <testcase classname="com.tutorialsninja.demo.testsuite.DesktopsTest" name="verifyProductArrangeInAlphabeticalOrder" time="0.0">
    <ignored/>
  </testcase> <!-- verifyProductArrangeInAlphabeticalOrder -->
  <testcase classname="com.tutorialsninja.demo.testsuite.LaptopsAndNotebooksTest" name="verifyThatUserPlaceOrderSuccessfully" time="0.0">
    <ignored/>
  </testcase> <!-- verifyThatUserPlaceOrderSuccessfully -->
  <testcase classname="com.tutorialsninja.demo.testsuite.TopMenuTest" name="verifyUserShouldNavigateToDesktopsPageSuccessfully" time="0.0">
    <ignored/>
  </testcase> <!-- verifyUserShouldNavigateToDesktopsPageSuccessfully -->
  <testcase classname="com.tutorialsninja.demo.testsuite.MyAccountTest" name="verifyThatUserShouldLoginAndLogOutSuccessfully" time="0.0">
    <ignored/>
  </testcase> <!-- verifyThatUserShouldLoginAndLogOutSuccessfully -->
</testsuite> <!-- DataTest -->
